2025-08-04 14:11:54,298 | WARNING | root | No historical file found for AAPL at C:\Users\kwasi\OneDrive\Documents\Personal Projects\schwab_trader\data\data_storage\proc_data/proc_AAPL_file.json
2025-08-04 14:11:54,298 | WARNING | root | No historical file found for MSFT at C:\Users\kwasi\OneDrive\Documents\Personal Projects\schwab_trader\data\data_storage\proc_data/proc_MSFT_file.json
2025-08-04 14:11:54,298 | WARNING | root | No historical file found for TSLA at C:\Users\kwasi\OneDrive\Documents\Personal Projects\schwab_trader\data\data_storage\proc_data/proc_TSLA_file.json
2025-08-04 14:11:54,298 | WARNING | root | No historical file found for AMD at C:\Users\kwasi\OneDrive\Documents\Personal Projects\schwab_trader\data\data_storage\proc_data/proc_AMD_file.json
2025-08-04 14:11:54,298 | WARNING | root | No historical file found for META at C:\Users\kwasi\OneDrive\Documents\Personal Projects\schwab_trader\data\data_storage\proc_data/proc_META_file.json
2025-08-04 14:11:54,298 | WARNING | root | No historical file found for AMZN at C:\Users\kwasi\OneDrive\Documents\Personal Projects\schwab_trader\data\data_storage\proc_data/proc_AMZN_file.json
2025-08-04 14:11:54,299 | WARNING | root | No historical file found for AAPL at C:\Users\kwasi\OneDrive\Documents\Personal Projects\schwab_trader\data\data_storage\proc_data/proc_AAPL_file.json
2025-08-04 14:11:54,299 | WARNING | root | No historical file found for MSFT at C:\Users\kwasi\OneDrive\Documents\Personal Projects\schwab_trader\data\data_storage\proc_data/proc_MSFT_file.json
2025-08-04 14:11:54,299 | WARNING | root | No historical file found for TSLA at C:\Users\kwasi\OneDrive\Documents\Personal Projects\schwab_trader\data\data_storage\proc_data/proc_TSLA_file.json
2025-08-04 14:11:54,299 | WARNING | root | No historical file found for AMD at C:\Users\kwasi\OneDrive\Documents\Personal Projects\schwab_trader\data\data_storage\proc_data/proc_AMD_file.json
2025-08-04 14:11:54,299 | WARNING | root | No historical file found for META at C:\Users\kwasi\OneDrive\Documents\Personal Projects\schwab_trader\data\data_storage\proc_data/proc_META_file.json
2025-08-04 14:11:54,299 | WARNING | root | No historical file found for AMZN at C:\Users\kwasi\OneDrive\Documents\Personal Projects\schwab_trader\data\data_storage\proc_data/proc_AMZN_file.json
2025-08-04 14:11:54,300 | INFO | MockStream | [AAPL] Bar - O: 300.0 | H: 300.47 | L: 299.71 | C: 300.18 | Vol: 3307
2025-08-04 14:11:54,300 | INFO | MockStream | [MSFT] Bar - O: 300.0 | H: 300.41 | L: 299.33 | C: 299.74 | Vol: 1491
2025-08-04 14:11:54,300 | INFO | MockStream | [TSLA] Bar - O: 300.0 | H: 300.32 | L: 299.2 | C: 299.52 | Vol: 4413
2025-08-04 14:11:54,300 | INFO | MockStream | [AMD] Bar - O: 300.0 | H: 300.02 | L: 299.91 | C: 299.93 | Vol: 4394
2025-08-04 14:11:54,300 | INFO | MockStream | [META] Bar - O: 300.0 | H: 300.53 | L: 299.55 | C: 300.09 | Vol: 1262
2025-08-04 14:11:54,300 | INFO | MockStream | [AMZN] Bar - O: 300.0 | H: 300.47 | L: 299.93 | C: 300.4 | Vol: 4254
2025-08-04 14:11:54,805 | INFO | MockStream | [AAPL] Bar - O: 300.18 | H: 300.48 | L: 299.69 | C: 299.99 | Vol: 581
2025-08-04 14:11:54,806 | INFO | MockStream | [MSFT] Bar - O: 299.74 | H: 299.84 | L: 299.45 | C: 299.55 | Vol: 4006
2025-08-04 14:11:54,807 | INFO | MockStream | [TSLA] Bar - O: 299.52 | H: 300.82 | L: 298.63 | C: 299.93 | Vol: 2972
2025-08-04 14:11:54,808 | INFO | MockStream | [AMD] Bar - O: 299.93 | H: 300.26 | L: 299.63 | C: 299.97 | Vol: 626
2025-08-04 14:11:54,808 | INFO | MockStream | [META] Bar - O: 300.09 | H: 300.44 | L: 299.32 | C: 299.67 | Vol: 763
2025-08-04 14:11:54,809 | INFO | MockStream | [AMZN] Bar - O: 300.4 | H: 300.84 | L: 300.09 | C: 300.52 | Vol: 4363
2025-08-04 14:11:55,323 | INFO | MockStream | [AAPL] Bar - O: 299.99 | H: 300.47 | L: 299.36 | C: 299.83 | Vol: 4268
2025-08-04 14:11:55,324 | INFO | MockStream | [MSFT] Bar - O: 299.55 | H: 300.2 | L: 299.19 | C: 299.84 | Vol: 4400
2025-08-04 14:11:55,325 | INFO | MockStream | [TSLA] Bar - O: 299.93 | H: 300.02 | L: 299.64 | C: 299.73 | Vol: 4063
2025-08-04 14:11:55,325 | INFO | MockStream | [AMD] Bar - O: 299.97 | H: 299.97 | L: 299.81 | C: 299.81 | Vol: 3906
2025-08-04 14:11:55,325 | INFO | MockStream | [META] Bar - O: 299.67 | H: 299.98 | L: 299.1 | C: 299.41 | Vol: 2688
2025-08-04 14:11:55,326 | INFO | MockStream | [AMZN] Bar - O: 300.52 | H: 300.63 | L: 300.3 | C: 300.41 | Vol: 2343
2025-08-04 14:11:55,831 | INFO | MockStream | [AAPL] Bar - O: 299.83 | H: 300.49 | L: 299.67 | C: 300.33 | Vol: 4996
2025-08-04 14:11:55,832 | INFO | MockStream | [MSFT] Bar - O: 299.84 | H: 300.24 | L: 299.58 | C: 299.97 | Vol: 2476
2025-08-04 14:11:55,833 | INFO | MockStream | [TSLA] Bar - O: 299.73 | H: 300.45 | L: 299.22 | C: 299.94 | Vol: 1582
2025-08-04 14:11:55,835 | INFO | MockStream | [AMD] Bar - O: 299.81 | H: 300.45 | L: 299.41 | C: 300.04 | Vol: 1789
2025-08-04 14:11:55,835 | INFO | MockStream | [META] Bar - O: 299.41 | H: 301.36 | L: 298.39 | C: 300.34 | Vol: 1466
2025-08-04 14:11:55,837 | INFO | MockStream | [AMZN] Bar - O: 300.41 | H: 300.52 | L: 300.09 | C: 300.2 | Vol: 2341
2025-08-04 14:11:56,349 | INFO | MockStream | [AAPL] Bar - O: 300.33 | H: 300.67 | L: 299.91 | C: 300.25 | Vol: 4277
2025-08-04 14:11:56,349 | INFO | MockStream | [MSFT] Bar - O: 299.97 | H: 300.76 | L: 299.24 | C: 300.02 | Vol: 4980
2025-08-04 14:11:56,350 | INFO | MockStream | [TSLA] Bar - O: 299.94 | H: 299.99 | L: 299.67 | C: 299.72 | Vol: 2910
2025-08-04 14:11:56,350 | INFO | MockStream | [AMD] Bar - O: 300.04 | H: 300.41 | L: 299.55 | C: 299.91 | Vol: 1274
2025-08-04 14:11:56,350 | INFO | MockStream | [META] Bar - O: 300.34 | H: 300.62 | L: 300.18 | C: 300.46 | Vol: 509
2025-08-04 14:11:56,351 | INFO | MockStream | [AMZN] Bar - O: 300.2 | H: 300.95 | L: 299.6 | C: 300.36 | Vol: 1286
2025-08-04 14:11:56,855 | INFO | MockStream | [AAPL] Bar - O: 300.25 | H: 301.1 | L: 299.56 | C: 300.41 | Vol: 590
2025-08-04 14:11:56,856 | INFO | MockStream | [MSFT] Bar - O: 300.02 | H: 301.19 | L: 299.2 | C: 300.37 | Vol: 3929
2025-08-04 14:11:56,856 | INFO | MockStream | [TSLA] Bar - O: 299.72 | H: 300.49 | L: 298.94 | C: 299.71 | Vol: 1539
2025-08-04 14:11:56,858 | INFO | MockStream | [AMD] Bar - O: 299.91 | H: 300.72 | L: 298.86 | C: 299.66 | Vol: 4095
2025-08-04 14:11:56,859 | INFO | MockStream | [META] Bar - O: 300.46 | H: 300.62 | L: 300.26 | C: 300.42 | Vol: 4607
2025-08-04 14:11:56,860 | INFO | MockStream | [AMZN] Bar - O: 300.36 | H: 300.51 | L: 300.2 | C: 300.35 | Vol: 3525
2025-08-04 14:11:57,370 | INFO | MockStream | [AAPL] Bar - O: 300.41 | H: 300.92 | L: 299.93 | C: 300.44 | Vol: 1150
2025-08-04 14:11:57,372 | INFO | MockStream | [MSFT] Bar - O: 300.37 | H: 301.1 | L: 300.14 | C: 300.87 | Vol: 4978
2025-08-04 14:11:57,373 | INFO | MockStream | [TSLA] Bar - O: 299.71 | H: 300.08 | L: 299.09 | C: 299.45 | Vol: 1893
2025-08-04 14:11:57,374 | INFO | MockStream | [AMD] Bar - O: 299.66 | H: 300.2 | L: 299.0 | C: 299.54 | Vol: 2239
2025-08-04 14:11:57,376 | INFO | MockStream | [META] Bar - O: 300.42 | H: 300.84 | L: 300.14 | C: 300.56 | Vol: 846
2025-08-04 14:11:57,377 | INFO | MockStream | [AMZN] Bar - O: 300.35 | H: 301.28 | L: 299.42 | C: 300.35 | Vol: 4029
2025-08-04 14:11:57,896 | INFO | MockStream | [AAPL] Bar - O: 300.44 | H: 300.88 | L: 300.27 | C: 300.72 | Vol: 2565
2025-08-04 14:11:57,898 | INFO | MockStream | [MSFT] Bar - O: 300.87 | H: 301.28 | L: 300.72 | C: 301.13 | Vol: 2642
2025-08-04 14:11:57,899 | INFO | MockStream | [TSLA] Bar - O: 299.45 | H: 300.1 | L: 298.8 | C: 299.46 | Vol: 2252
2025-08-04 14:11:57,900 | INFO | MockStream | [AMD] Bar - O: 299.54 | H: 300.14 | L: 299.29 | C: 299.89 | Vol: 2514
2025-08-04 14:11:57,901 | INFO | MockStream | [META] Bar - O: 300.56 | H: 301.08 | L: 299.94 | C: 300.46 | Vol: 3816
2025-08-04 14:11:57,902 | INFO | MockStream | [AMZN] Bar - O: 300.35 | H: 300.36 | L: 300.22 | C: 300.23 | Vol: 2325
2025-08-04 14:11:58,423 | INFO | MockStream | [AAPL] Bar - O: 300.72 | H: 301.37 | L: 300.26 | C: 300.91 | Vol: 879
2025-08-04 14:11:58,423 | INFO | MockStream | [MSFT] Bar - O: 301.13 | H: 301.36 | L: 300.83 | C: 301.06 | Vol: 3384
2025-08-04 14:11:58,423 | INFO | MockStream | [TSLA] Bar - O: 299.46 | H: 299.57 | L: 299.36 | C: 299.47 | Vol: 1375
2025-08-04 14:11:58,424 | INFO | MockStream | [AMD] Bar - O: 299.89 | H: 299.89 | L: 299.86 | C: 299.86 | Vol: 4743
2025-08-04 14:11:58,424 | INFO | MockStream | [META] Bar - O: 300.46 | H: 301.08 | L: 300.07 | C: 300.69 | Vol: 2689
2025-08-04 14:11:58,424 | INFO | MockStream | [AMZN] Bar - O: 300.23 | H: 300.63 | L: 299.55 | C: 299.94 | Vol: 3375
2025-08-04 14:11:58,928 | INFO | MockStream | [AAPL] Bar - O: 300.91 | H: 302.25 | L: 299.51 | C: 300.85 | Vol: 2753
2025-08-04 14:11:58,929 | INFO | MockStream | [MSFT] Bar - O: 301.06 | H: 301.72 | L: 300.32 | C: 300.98 | Vol: 1237
2025-08-04 14:11:58,929 | INFO | MockStream | [TSLA] Bar - O: 299.47 | H: 299.7 | L: 299.26 | C: 299.49 | Vol: 561
2025-08-04 14:11:58,930 | INFO | MockStream | [AMD] Bar - O: 299.86 | H: 300.92 | L: 298.59 | C: 299.65 | Vol: 3560
2025-08-04 14:11:58,930 | INFO | MockStream | [META] Bar - O: 300.69 | H: 301.81 | L: 298.67 | C: 299.79 | Vol: 2133
2025-08-04 14:11:58,930 | INFO | MockStream | [AMZN] Bar - O: 299.94 | H: 300.28 | L: 299.6 | C: 299.93 | Vol: 4719
2025-08-04 14:11:59,437 | INFO | MockStream | [AAPL] Bar - O: 300.85 | H: 301.12 | L: 300.58 | C: 300.85 | Vol: 4661
2025-08-04 14:11:59,438 | INFO | MockStream | [MSFT] Bar - O: 300.98 | H: 302.51 | L: 299.52 | C: 301.05 | Vol: 2949
2025-08-04 14:11:59,439 | INFO | MockStream | [TSLA] Bar - O: 299.49 | H: 300.71 | L: 298.38 | C: 299.59 | Vol: 4271
2025-08-04 14:11:59,440 | INFO | MockStream | [AMD] Bar - O: 299.65 | H: 299.82 | L: 299.4 | C: 299.57 | Vol: 3080
2025-08-04 14:11:59,441 | INFO | MockStream | [META] Bar - O: 299.79 | H: 300.44 | L: 299.11 | C: 299.76 | Vol: 4620
2025-08-04 14:11:59,442 | INFO | MockStream | [AMZN] Bar - O: 299.93 | H: 300.41 | L: 299.67 | C: 300.15 | Vol: 3737
2025-08-04 14:11:59,957 | INFO | MockStream | [AAPL] Bar - O: 300.85 | H: 301.76 | L: 300.54 | C: 301.44 | Vol: 2570
2025-08-04 14:11:59,958 | INFO | MockStream | [MSFT] Bar - O: 301.05 | H: 302.13 | L: 300.63 | C: 301.71 | Vol: 3647
2025-08-04 14:11:59,959 | INFO | MockStream | [TSLA] Bar - O: 299.59 | H: 299.7 | L: 299.35 | C: 299.47 | Vol: 2455
2025-08-04 14:11:59,960 | INFO | MockStream | [AMD] Bar - O: 299.57 | H: 300.75 | L: 298.32 | C: 299.5 | Vol: 2721
2025-08-04 14:11:59,961 | INFO | MockStream | [META] Bar - O: 299.76 | H: 299.91 | L: 299.63 | C: 299.78 | Vol: 1585
2025-08-04 14:11:59,962 | INFO | MockStream | [AMZN] Bar - O: 300.15 | H: 301.54 | L: 299.05 | C: 300.44 | Vol: 4209
2025-08-04 14:12:00,476 | INFO | MockStream | [AAPL] Bar - O: 301.44 | H: 301.78 | L: 300.65 | C: 300.98 | Vol: 2723
2025-08-04 14:12:00,478 | INFO | MockStream | [MSFT] Bar - O: 301.71 | H: 302.08 | L: 301.0 | C: 301.36 | Vol: 3285
2025-08-04 14:12:00,479 | INFO | MockStream | [TSLA] Bar - O: 299.47 | H: 300.18 | L: 298.89 | C: 299.6 | Vol: 707
2025-08-04 14:12:00,480 | INFO | MockStream | [AMD] Bar - O: 299.5 | H: 299.85 | L: 298.97 | C: 299.32 | Vol: 4803
2025-08-04 14:12:00,481 | INFO | MockStream | [META] Bar - O: 299.78 | H: 301.53 | L: 299.06 | C: 300.8 | Vol: 2404
2025-08-04 14:12:00,482 | INFO | MockStream | [AMZN] Bar - O: 300.44 | H: 302.18 | L: 298.61 | C: 300.35 | Vol: 4155
2025-08-04 14:12:01,004 | INFO | MockStream | [AAPL] Bar - O: 300.98 | H: 301.32 | L: 300.34 | C: 300.68 | Vol: 3506
2025-08-04 14:12:01,005 | INFO | MockStream | [MSFT] Bar - O: 301.36 | H: 301.85 | L: 300.83 | C: 301.31 | Vol: 2483
2025-08-04 14:12:01,006 | INFO | MockStream | [TSLA] Bar - O: 299.6 | H: 299.68 | L: 299.03 | C: 299.1 | Vol: 966
2025-08-04 14:12:01,007 | INFO | MockStream | [AMD] Bar - O: 299.32 | H: 299.41 | L: 299.21 | C: 299.31 | Vol: 2467
2025-08-04 14:12:01,008 | INFO | MockStream | [META] Bar - O: 300.8 | H: 301.24 | L: 300.74 | C: 301.18 | Vol: 1552
2025-08-04 14:12:01,009 | INFO | MockStream | [AMZN] Bar - O: 300.35 | H: 301.44 | L: 299.34 | C: 300.44 | Vol: 1258
2025-08-04 14:12:01,526 | INFO | MockStream | [AAPL] Bar - O: 300.68 | H: 301.77 | L: 299.8 | C: 300.89 | Vol: 1639
2025-08-04 14:12:01,527 | INFO | MockStream | [MSFT] Bar - O: 301.31 | H: 302.06 | L: 300.85 | C: 301.59 | Vol: 2847
2025-08-04 14:12:01,528 | INFO | MockStream | [TSLA] Bar - O: 299.1 | H: 299.57 | L: 298.33 | C: 298.8 | Vol: 3980
2025-08-04 14:12:01,529 | INFO | MockStream | [AMD] Bar - O: 299.31 | H: 299.53 | L: 299.11 | C: 299.33 | Vol: 2031
2025-08-04 14:12:01,530 | INFO | MockStream | [META] Bar - O: 301.18 | H: 302.39 | L: 299.48 | C: 300.7 | Vol: 3197
2025-08-04 14:12:01,531 | INFO | MockStream | [AMZN] Bar - O: 300.44 | H: 300.83 | L: 299.92 | C: 300.31 | Vol: 3713
2025-08-04 14:12:02,042 | INFO | MockStream | [AAPL] Bar - O: 300.89 | H: 301.45 | L: 300.11 | C: 300.67 | Vol: 3058
2025-08-04 14:12:02,042 | INFO | MockStream | [MSFT] Bar - O: 301.59 | H: 301.79 | L: 300.76 | C: 300.95 | Vol: 3783
2025-08-04 14:12:02,042 | INFO | MockStream | [TSLA] Bar - O: 298.8 | H: 299.38 | L: 298.03 | C: 298.61 | Vol: 4917
2025-08-04 14:12:02,042 | INFO | MockStream | [AMD] Bar - O: 299.33 | H: 299.66 | L: 298.91 | C: 299.24 | Vol: 913
2025-08-04 14:12:02,043 | INFO | MockStream | [META] Bar - O: 300.7 | H: 300.86 | L: 300.61 | C: 300.78 | Vol: 896
2025-08-04 14:12:02,043 | INFO | MockStream | [AMZN] Bar - O: 300.31 | H: 300.37 | L: 299.89 | C: 299.94 | Vol: 2092
2025-08-04 14:12:02,553 | INFO | MockStream | [AAPL] Bar - O: 300.67 | H: 300.96 | L: 300.07 | C: 300.36 | Vol: 2717
2025-08-04 14:12:02,554 | INFO | MockStream | [MSFT] Bar - O: 300.95 | H: 301.91 | L: 300.48 | C: 301.43 | Vol: 1842
2025-08-04 14:12:02,562 | INFO | MockStream | [TSLA] Bar - O: 298.61 | H: 298.93 | L: 298.2 | C: 298.51 | Vol: 1873
2025-08-04 14:12:02,563 | INFO | MockStream | [AMD] Bar - O: 299.24 | H: 299.7 | L: 298.89 | C: 299.36 | Vol: 4210
2025-08-04 14:12:02,564 | INFO | MockStream | [META] Bar - O: 300.78 | H: 301.35 | L: 299.81 | C: 300.39 | Vol: 2963
2025-08-04 14:12:02,569 | INFO | MockStream | [AMZN] Bar - O: 299.94 | H: 300.54 | L: 299.46 | C: 300.05 | Vol: 4718
2025-08-04 14:12:03,106 | INFO | MockStream | [AAPL] Bar - O: 300.36 | H: 301.55 | L: 298.82 | C: 300.01 | Vol: 746
2025-08-04 14:12:03,109 | INFO | MockStream | [MSFT] Bar - O: 301.43 | H: 302.34 | L: 300.92 | C: 301.82 | Vol: 4586
2025-08-04 14:12:03,113 | INFO | MockStream | [TSLA] Bar - O: 298.51 | H: 298.74 | L: 297.76 | C: 297.98 | Vol: 2856
2025-08-04 14:12:03,115 | INFO | MockStream | [AMD] Bar - O: 299.36 | H: 299.68 | L: 299.21 | C: 299.53 | Vol: 4200
2025-08-04 14:12:03,122 | INFO | MockStream | [META] Bar - O: 300.39 | H: 301.47 | L: 299.93 | C: 301.01 | Vol: 3743
2025-08-04 14:12:03,136 | INFO | MockStream | [AMZN] Bar - O: 300.05 | H: 301.69 | L: 298.51 | C: 300.14 | Vol: 533
2025-08-04 14:12:03,659 | INFO | MockStream | [AAPL] Bar - O: 300.01 | H: 301.33 | L: 298.43 | C: 299.74 | Vol: 2644
2025-08-04 14:12:03,660 | INFO | MockStream | [MSFT] Bar - O: 301.82 | H: 301.99 | L: 301.7 | C: 301.86 | Vol: 1478
2025-08-04 14:12:03,661 | INFO | MockStream | [TSLA] Bar - O: 297.98 | H: 298.47 | L: 297.86 | C: 298.34 | Vol: 4144
2025-08-04 14:12:03,662 | INFO | MockStream | [AMD] Bar - O: 299.53 | H: 299.97 | L: 299.11 | C: 299.55 | Vol: 2943
2025-08-04 14:12:03,662 | INFO | MockStream | [META] Bar - O: 301.01 | H: 301.08 | L: 300.73 | C: 300.8 | Vol: 2231
2025-08-04 14:12:03,663 | INFO | MockStream | [AMZN] Bar - O: 300.14 | H: 300.25 | L: 300.07 | C: 300.18 | Vol: 2459
2025-08-04 14:12:04,180 | INFO | MockStream | [AAPL] Bar - O: 299.74 | H: 300.3 | L: 299.25 | C: 299.81 | Vol: 3264
2025-08-04 14:12:04,181 | INFO | MockStream | [MSFT] Bar - O: 301.86 | H: 302.7 | L: 301.76 | C: 302.6 | Vol: 2059
2025-08-04 14:12:04,182 | INFO | MockStream | [TSLA] Bar - O: 298.34 | H: 298.76 | L: 298.04 | C: 298.46 | Vol: 4746
2025-08-04 14:12:04,183 | INFO | MockStream | [AMD] Bar - O: 299.55 | H: 300.45 | L: 298.76 | C: 299.66 | Vol: 735
2025-08-04 14:12:04,183 | INFO | MockStream | [META] Bar - O: 300.8 | H: 302.82 | L: 299.38 | C: 301.4 | Vol: 3227
2025-08-04 14:12:04,184 | INFO | MockStream | [AMZN] Bar - O: 300.18 | H: 300.91 | L: 299.31 | C: 300.05 | Vol: 2215
2025-08-04 14:12:04,699 | INFO | MockStream | [AAPL] Bar - O: 299.81 | H: 300.16 | L: 299.64 | C: 299.99 | Vol: 2682
2025-08-04 14:12:04,701 | INFO | MockStream | [MSFT] Bar - O: 302.6 | H: 303.25 | L: 301.95 | C: 302.6 | Vol: 851
2025-08-04 14:12:04,702 | INFO | MockStream | [TSLA] Bar - O: 298.46 | H: 299.46 | L: 298.13 | C: 299.13 | Vol: 4540
2025-08-04 14:12:04,702 | INFO | MockStream | [AMD] Bar - O: 299.66 | H: 300.78 | L: 298.78 | C: 299.9 | Vol: 3680
2025-08-04 14:12:04,703 | INFO | MockStream | [META] Bar - O: 301.4 | H: 302.01 | L: 301.3 | C: 301.91 | Vol: 1402
2025-08-04 14:12:04,704 | INFO | MockStream | [AMZN] Bar - O: 300.05 | H: 302.0 | L: 298.55 | C: 300.5 | Vol: 1470
2025-08-04 14:12:05,217 | INFO | MockStream | [AAPL] Bar - O: 299.99 | H: 301.03 | L: 299.06 | C: 300.11 | Vol: 2168
2025-08-04 14:12:05,218 | INFO | MockStream | [MSFT] Bar - O: 302.6 | H: 303.7 | L: 301.78 | C: 302.88 | Vol: 4799
2025-08-04 14:12:05,219 | INFO | MockStream | [TSLA] Bar - O: 299.13 | H: 299.18 | L: 298.48 | C: 298.53 | Vol: 505
2025-08-04 14:12:05,220 | INFO | MockStream | [AMD] Bar - O: 299.9 | H: 300.55 | L: 299.61 | C: 300.25 | Vol: 539
2025-08-04 14:12:05,221 | INFO | MockStream | [META] Bar - O: 301.91 | H: 302.88 | L: 301.67 | C: 302.63 | Vol: 1625
2025-08-04 14:12:05,222 | INFO | MockStream | [AMZN] Bar - O: 300.5 | H: 302.25 | L: 298.74 | C: 300.5 | Vol: 4816
2025-08-04 14:12:05,735 | INFO | MockStream | [AAPL] Bar - O: 300.11 | H: 300.72 | L: 299.42 | C: 300.04 | Vol: 3454
2025-08-04 14:12:05,736 | INFO | MockStream | [MSFT] Bar - O: 302.88 | H: 303.45 | L: 302.71 | C: 303.27 | Vol: 4735
2025-08-04 14:12:05,737 | INFO | MockStream | [TSLA] Bar - O: 298.53 | H: 298.99 | L: 297.81 | C: 298.28 | Vol: 4567
2025-08-04 14:12:05,738 | INFO | MockStream | [AMD] Bar - O: 300.25 | H: 300.26 | L: 300.18 | C: 300.18 | Vol: 4910
2025-08-04 14:12:05,739 | INFO | MockStream | [META] Bar - O: 302.63 | H: 302.8 | L: 302.59 | C: 302.75 | Vol: 4088
2025-08-04 14:12:05,740 | INFO | MockStream | [AMZN] Bar - O: 300.5 | H: 300.72 | L: 300.17 | C: 300.39 | Vol: 2142
2025-08-04 14:12:06,252 | INFO | MockStream | [AAPL] Bar - O: 300.04 | H: 300.62 | L: 299.39 | C: 299.97 | Vol: 3637
2025-08-04 14:12:06,253 | INFO | MockStream | [MSFT] Bar - O: 303.27 | H: 304.26 | L: 302.41 | C: 303.4 | Vol: 2439
2025-08-04 14:12:06,255 | INFO | MockStream | [TSLA] Bar - O: 298.28 | H: 298.99 | L: 297.6 | C: 298.31 | Vol: 4001
2025-08-04 14:12:06,257 | INFO | MockStream | [AMD] Bar - O: 300.18 | H: 301.06 | L: 299.21 | C: 300.09 | Vol: 1500
2025-08-04 14:12:06,258 | INFO | MockStream | [META] Bar - O: 302.75 | H: 303.1 | L: 302.55 | C: 302.9 | Vol: 3028
2025-08-04 14:12:06,259 | INFO | MockStream | [AMZN] Bar - O: 300.39 | H: 300.52 | L: 300.36 | C: 300.49 | Vol: 4513
2025-08-04 14:12:06,781 | INFO | MockStream | [AAPL] Bar - O: 299.97 | H: 300.47 | L: 299.61 | C: 300.11 | Vol: 3201
2025-08-04 14:12:06,782 | INFO | MockStream | [MSFT] Bar - O: 303.4 | H: 304.15 | L: 302.48 | C: 303.23 | Vol: 1139
2025-08-04 14:12:06,783 | INFO | MockStream | [TSLA] Bar - O: 298.31 | H: 298.65 | L: 298.2 | C: 298.54 | Vol: 716
2025-08-04 14:12:06,784 | INFO | MockStream | [AMD] Bar - O: 300.09 | H: 300.96 | L: 299.19 | C: 300.06 | Vol: 1329
2025-08-04 14:12:06,785 | INFO | MockStream | [META] Bar - O: 302.9 | H: 303.26 | L: 302.31 | C: 302.67 | Vol: 899
2025-08-04 14:12:06,786 | INFO | MockStream | [AMZN] Bar - O: 300.49 | H: 300.79 | L: 300.38 | C: 300.68 | Vol: 1532
2025-08-04 14:12:07,302 | INFO | MockStream | [AAPL] Bar - O: 300.11 | H: 300.58 | L: 299.86 | C: 300.32 | Vol: 2739
2025-08-04 14:12:07,303 | INFO | MockStream | [MSFT] Bar - O: 303.23 | H: 303.47 | L: 302.96 | C: 303.2 | Vol: 1039
2025-08-04 14:12:07,303 | INFO | MockStream | [TSLA] Bar - O: 298.54 | H: 299.92 | L: 297.61 | C: 298.99 | Vol: 1649
2025-08-04 14:12:07,304 | INFO | MockStream | [AMD] Bar - O: 300.06 | H: 301.41 | L: 298.52 | C: 299.87 | Vol: 2633
2025-08-04 14:12:07,305 | INFO | MockStream | [META] Bar - O: 302.67 | H: 303.69 | L: 301.53 | C: 302.55 | Vol: 1599
2025-08-04 14:12:07,306 | INFO | MockStream | [AMZN] Bar - O: 300.68 | H: 301.12 | L: 300.23 | C: 300.67 | Vol: 4536
2025-08-04 14:12:07,823 | INFO | MockStream | [AAPL] Bar - O: 300.32 | H: 300.95 | L: 300.26 | C: 300.89 | Vol: 3754
2025-08-04 14:12:07,824 | INFO | MockStream | [MSFT] Bar - O: 303.2 | H: 303.35 | L: 302.7 | C: 302.85 | Vol: 2248
2025-08-04 14:12:07,825 | INFO | MockStream | [TSLA] Bar - O: 298.99 | H: 300.18 | L: 298.09 | C: 299.29 | Vol: 2940
2025-08-04 14:12:07,827 | INFO | MockStream | [AMD] Bar - O: 299.87 | H: 300.02 | L: 299.85 | C: 300.0 | Vol: 4721
2025-08-04 14:12:07,828 | INFO | MockStream | [META] Bar - O: 302.55 | H: 303.64 | L: 302.34 | C: 303.43 | Vol: 4765
2025-08-04 14:12:07,829 | INFO | MockStream | [AMZN] Bar - O: 300.67 | H: 300.67 | L: 300.6 | C: 300.61 | Vol: 3338
2025-08-04 14:12:08,346 | INFO | MockStream | [AAPL] Bar - O: 300.89 | H: 301.49 | L: 300.24 | C: 300.85 | Vol: 3645
2025-08-04 14:12:08,347 | INFO | MockStream | [MSFT] Bar - O: 302.85 | H: 302.86 | L: 302.82 | C: 302.83 | Vol: 3621
2025-08-04 14:12:08,348 | INFO | MockStream | [TSLA] Bar - O: 299.29 | H: 299.66 | L: 299.04 | C: 299.41 | Vol: 1772
2025-08-04 14:12:08,349 | INFO | MockStream | [AMD] Bar - O: 300.0 | H: 300.58 | L: 299.46 | C: 300.04 | Vol: 1850
2025-08-04 14:12:08,350 | INFO | MockStream | [META] Bar - O: 303.43 | H: 303.63 | L: 303.39 | C: 303.59 | Vol: 2850
2025-08-04 14:12:08,351 | INFO | MockStream | [AMZN] Bar - O: 300.61 | H: 301.26 | L: 300.29 | C: 300.94 | Vol: 3020
2025-08-04 14:12:08,864 | INFO | MockStream | [AAPL] Bar - O: 300.85 | H: 301.23 | L: 300.33 | C: 300.72 | Vol: 1749
2025-08-04 14:12:08,865 | INFO | MockStream | [MSFT] Bar - O: 302.83 | H: 303.88 | L: 302.14 | C: 303.2 | Vol: 2677
2025-08-04 14:12:08,865 | INFO | MockStream | [TSLA] Bar - O: 299.41 | H: 299.79 | L: 299.04 | C: 299.42 | Vol: 3908
2025-08-04 14:12:08,866 | INFO | MockStream | [AMD] Bar - O: 300.04 | H: 300.68 | L: 299.97 | C: 300.61 | Vol: 3201
2025-08-04 14:12:08,866 | INFO | MockStream | [META] Bar - O: 303.59 | H: 304.4 | L: 302.74 | C: 303.56 | Vol: 3155
2025-08-04 14:12:08,867 | INFO | MockStream | [AMZN] Bar - O: 300.94 | H: 301.45 | L: 300.76 | C: 301.27 | Vol: 1299
2025-08-04 14:12:09,376 | INFO | MockStream | [AAPL] Bar - O: 300.72 | H: 301.48 | L: 299.91 | C: 300.67 | Vol: 2033
2025-08-04 14:12:09,378 | INFO | MockStream | [MSFT] Bar - O: 303.2 | H: 303.25 | L: 302.74 | C: 302.8 | Vol: 4393
2025-08-04 14:12:09,378 | INFO | MockStream | [TSLA] Bar - O: 299.42 | H: 299.9 | L: 298.86 | C: 299.35 | Vol: 2734
2025-08-04 14:12:09,379 | INFO | MockStream | [AMD] Bar - O: 300.61 | H: 300.8 | L: 300.39 | C: 300.58 | Vol: 2392
2025-08-04 14:12:09,380 | INFO | MockStream | [META] Bar - O: 303.56 | H: 303.81 | L: 303.45 | C: 303.7 | Vol: 1762
2025-08-04 14:12:09,380 | INFO | MockStream | [AMZN] Bar - O: 301.27 | H: 302.62 | L: 299.85 | C: 301.21 | Vol: 3594
2025-08-04 14:12:09,888 | INFO | MockStream | [AAPL] Bar - O: 300.67 | H: 300.74 | L: 300.6 | C: 300.67 | Vol: 4077
2025-08-04 14:12:09,889 | INFO | MockStream | [MSFT] Bar - O: 302.8 | H: 303.73 | L: 302.11 | C: 303.04 | Vol: 4785
2025-08-04 14:12:09,890 | INFO | MockStream | [TSLA] Bar - O: 299.35 | H: 299.96 | L: 299.26 | C: 299.87 | Vol: 719
2025-08-04 14:12:09,891 | INFO | MockStream | [AMD] Bar - O: 300.58 | H: 300.68 | L: 300.17 | C: 300.28 | Vol: 1482
2025-08-04 14:12:09,892 | INFO | MockStream | [META] Bar - O: 303.7 | H: 304.32 | L: 303.42 | C: 304.04 | Vol: 3007
2025-08-04 14:12:09,893 | INFO | MockStream | [AMZN] Bar - O: 301.21 | H: 302.14 | L: 300.28 | C: 301.21 | Vol: 2945
2025-08-04 14:12:10,409 | INFO | MockStream | [AAPL] Bar - O: 300.67 | H: 301.45 | L: 300.13 | C: 300.92 | Vol: 1138
2025-08-04 14:12:10,410 | INFO | MockStream | [MSFT] Bar - O: 303.04 | H: 303.51 | L: 302.32 | C: 302.78 | Vol: 4017
2025-08-04 14:12:10,411 | INFO | MockStream | [TSLA] Bar - O: 299.87 | H: 300.4 | L: 299.59 | C: 300.12 | Vol: 3219
2025-08-04 14:12:10,412 | INFO | MockStream | [AMD] Bar - O: 300.28 | H: 301.21 | L: 299.44 | C: 300.38 | Vol: 4359
2025-08-04 14:12:10,413 | INFO | MockStream | [META] Bar - O: 304.04 | H: 304.09 | L: 303.76 | C: 303.8 | Vol: 4143
2025-08-04 14:12:10,414 | INFO | MockStream | [AMZN] Bar - O: 301.21 | H: 301.21 | L: 300.76 | C: 300.76 | Vol: 2501
2025-08-04 14:12:10,932 | INFO | MockStream | [AAPL] Bar - O: 300.92 | H: 301.94 | L: 299.47 | C: 300.49 | Vol: 2237
2025-08-04 14:12:10,933 | INFO | MockStream | [MSFT] Bar - O: 302.78 | H: 304.02 | L: 301.61 | C: 302.85 | Vol: 631
2025-08-04 14:12:10,934 | INFO | MockStream | [TSLA] Bar - O: 300.12 | H: 300.83 | L: 299.09 | C: 299.8 | Vol: 4445
2025-08-04 14:12:10,935 | INFO | MockStream | [AMD] Bar - O: 300.38 | H: 301.11 | L: 299.33 | C: 300.06 | Vol: 3965
2025-08-04 14:12:10,936 | INFO | MockStream | [META] Bar - O: 303.8 | H: 303.84 | L: 303.46 | C: 303.5 | Vol: 2048
2025-08-04 14:12:10,937 | INFO | MockStream | [AMZN] Bar - O: 300.76 | H: 301.45 | L: 300.03 | C: 300.72 | Vol: 1077
2025-08-04 14:12:11,450 | INFO | MockStream | [AAPL] Bar - O: 300.49 | H: 300.63 | L: 300.04 | C: 300.18 | Vol: 1266
2025-08-04 14:12:11,451 | INFO | MockStream | [MSFT] Bar - O: 302.85 | H: 302.96 | L: 302.6 | C: 302.7 | Vol: 1571
2025-08-04 14:12:11,452 | INFO | MockStream | [TSLA] Bar - O: 299.8 | H: 300.66 | L: 299.29 | C: 300.15 | Vol: 2956
2025-08-04 14:12:11,453 | INFO | MockStream | [AMD] Bar - O: 300.06 | H: 300.55 | L: 299.8 | C: 300.28 | Vol: 4380
2025-08-04 14:12:11,454 | INFO | MockStream | [META] Bar - O: 303.5 | H: 304.15 | L: 302.91 | C: 303.55 | Vol: 2965
2025-08-04 14:12:11,455 | INFO | MockStream | [AMZN] Bar - O: 300.72 | H: 301.32 | L: 299.84 | C: 300.43 | Vol: 3654
2025-08-04 14:12:11,968 | INFO | MockStream | [AAPL] Bar - O: 300.18 | H: 300.5 | L: 299.82 | C: 300.14 | Vol: 1438
2025-08-04 14:12:11,969 | INFO | MockStream | [MSFT] Bar - O: 302.7 | H: 303.98 | L: 301.14 | C: 302.42 | Vol: 4560
2025-08-04 14:12:11,970 | INFO | MockStream | [TSLA] Bar - O: 300.15 | H: 301.35 | L: 299.43 | C: 300.62 | Vol: 993
2025-08-04 14:12:11,971 | INFO | MockStream | [AMD] Bar - O: 300.28 | H: 300.57 | L: 299.81 | C: 300.09 | Vol: 4198
2025-08-04 14:12:11,972 | INFO | MockStream | [META] Bar - O: 303.55 | H: 304.79 | L: 303.33 | C: 304.57 | Vol: 1347
2025-08-04 14:12:11,973 | INFO | MockStream | [AMZN] Bar - O: 300.43 | H: 301.45 | L: 299.72 | C: 300.74 | Vol: 3774
2025-08-04 14:12:12,487 | INFO | MockStream | [AAPL] Bar - O: 300.14 | H: 300.56 | L: 299.34 | C: 299.76 | Vol: 3673
2025-08-04 14:12:12,488 | INFO | MockStream | [MSFT] Bar - O: 302.42 | H: 303.19 | L: 301.34 | C: 302.11 | Vol: 716
2025-08-04 14:12:12,489 | INFO | MockStream | [TSLA] Bar - O: 300.62 | H: 301.38 | L: 300.54 | C: 301.29 | Vol: 4596
2025-08-04 14:12:12,490 | INFO | MockStream | [AMD] Bar - O: 300.09 | H: 300.28 | L: 299.99 | C: 300.19 | Vol: 1957
2025-08-04 14:12:12,491 | INFO | MockStream | [META] Bar - O: 304.57 | H: 305.44 | L: 303.97 | C: 304.84 | Vol: 2382
2025-08-04 14:12:12,492 | INFO | MockStream | [AMZN] Bar - O: 300.74 | H: 301.45 | L: 299.96 | C: 300.67 | Vol: 1900
2025-08-04 14:12:13,010 | INFO | MockStream | [AAPL] Bar - O: 299.76 | H: 300.53 | L: 298.84 | C: 299.61 | Vol: 3099
2025-08-04 14:12:13,011 | INFO | MockStream | [MSFT] Bar - O: 302.11 | H: 302.39 | L: 301.27 | C: 301.56 | Vol: 2437
2025-08-04 14:12:13,012 | INFO | MockStream | [TSLA] Bar - O: 301.29 | H: 302.38 | L: 300.5 | C: 301.59 | Vol: 1215
2025-08-04 14:12:13,013 | INFO | MockStream | [AMD] Bar - O: 300.19 | H: 300.4 | L: 299.9 | C: 300.12 | Vol: 4478
2025-08-04 14:12:13,014 | INFO | MockStream | [META] Bar - O: 304.84 | H: 306.1 | L: 303.82 | C: 305.09 | Vol: 732
2025-08-04 14:12:13,015 | INFO | MockStream | [AMZN] Bar - O: 300.67 | H: 301.19 | L: 300.58 | C: 301.1 | Vol: 1487
2025-08-04 14:12:13,529 | INFO | MockStream | [AAPL] Bar - O: 299.61 | H: 299.95 | L: 299.44 | C: 299.78 | Vol: 1340
2025-08-04 14:12:13,530 | INFO | MockStream | [MSFT] Bar - O: 301.56 | H: 302.21 | L: 300.7 | C: 301.35 | Vol: 2857
2025-08-04 14:12:13,530 | INFO | MockStream | [TSLA] Bar - O: 301.59 | H: 301.64 | L: 301.07 | C: 301.12 | Vol: 2404
2025-08-04 14:12:13,531 | INFO | MockStream | [AMD] Bar - O: 300.12 | H: 300.7 | L: 299.86 | C: 300.44 | Vol: 1934
2025-08-04 14:12:13,532 | INFO | MockStream | [META] Bar - O: 305.09 | H: 305.43 | L: 303.94 | C: 304.28 | Vol: 2993
2025-08-04 14:12:13,534 | INFO | MockStream | [AMZN] Bar - O: 301.1 | H: 301.28 | L: 300.46 | C: 300.64 | Vol: 3568
2025-08-04 14:12:14,048 | INFO | MockStream | [AAPL] Bar - O: 299.78 | H: 300.58 | L: 298.86 | C: 299.66 | Vol: 1285
2025-08-04 14:12:14,050 | INFO | MockStream | [MSFT] Bar - O: 301.35 | H: 301.91 | L: 300.3 | C: 300.86 | Vol: 3423
2025-08-04 14:12:14,051 | INFO | MockStream | [TSLA] Bar - O: 301.12 | H: 301.49 | L: 300.72 | C: 301.09 | Vol: 2101
2025-08-04 14:12:14,051 | INFO | MockStream | [AMD] Bar - O: 300.44 | H: 301.31 | L: 299.39 | C: 300.26 | Vol: 823
2025-08-04 14:12:14,052 | INFO | MockStream | [META] Bar - O: 304.28 | H: 304.74 | L: 303.92 | C: 304.38 | Vol: 846
2025-08-04 14:12:14,053 | INFO | MockStream | [AMZN] Bar - O: 300.64 | H: 300.65 | L: 300.61 | C: 300.62 | Vol: 2081
2025-08-04 14:12:14,567 | INFO | MockStream | [AAPL] Bar - O: 299.66 | H: 300.43 | L: 299.01 | C: 299.77 | Vol: 650
2025-08-04 14:12:14,568 | INFO | MockStream | [MSFT] Bar - O: 300.86 | H: 301.34 | L: 300.33 | C: 300.82 | Vol: 3259
2025-08-04 14:12:14,569 | INFO | MockStream | [TSLA] Bar - O: 301.09 | H: 301.43 | L: 300.98 | C: 301.32 | Vol: 512
2025-08-04 14:12:14,570 | INFO | MockStream | [AMD] Bar - O: 300.26 | H: 300.56 | L: 300.13 | C: 300.44 | Vol: 1394
2025-08-04 14:12:14,571 | INFO | MockStream | [META] Bar - O: 304.38 | H: 305.02 | L: 303.86 | C: 304.5 | Vol: 3558
2025-08-04 14:12:14,572 | INFO | MockStream | [AMZN] Bar - O: 300.62 | H: 301.53 | L: 300.39 | C: 301.29 | Vol: 2594
2025-08-04 14:12:15,082 | INFO | MockStream | [AAPL] Bar - O: 299.77 | H: 300.22 | L: 299.02 | C: 299.46 | Vol: 4944
2025-08-04 14:12:15,084 | INFO | MockStream | [MSFT] Bar - O: 300.82 | H: 301.03 | L: 300.48 | C: 300.69 | Vol: 2818
2025-08-04 14:12:15,085 | INFO | MockStream | [TSLA] Bar - O: 301.32 | H: 302.34 | L: 300.74 | C: 301.77 | Vol: 3274
2025-08-04 14:12:15,086 | INFO | MockStream | [AMD] Bar - O: 300.44 | H: 300.89 | L: 300.38 | C: 300.82 | Vol: 2277
2025-08-04 14:12:15,087 | INFO | MockStream | [META] Bar - O: 304.5 | H: 305.9 | L: 303.73 | C: 305.13 | Vol: 3138
2025-08-04 14:12:15,088 | INFO | MockStream | [AMZN] Bar - O: 301.29 | H: 301.71 | L: 300.88 | C: 301.3 | Vol: 3005
2025-08-04 14:12:15,602 | INFO | MockStream | [AAPL] Bar - O: 299.46 | H: 299.83 | L: 299.33 | C: 299.7 | Vol: 4224
2025-08-04 14:12:15,603 | INFO | MockStream | [MSFT] Bar - O: 300.69 | H: 301.64 | L: 299.97 | C: 300.91 | Vol: 4455
2025-08-04 14:12:15,604 | INFO | MockStream | [TSLA] Bar - O: 301.77 | H: 301.81 | L: 301.7 | C: 301.74 | Vol: 2154
2025-08-04 14:12:15,606 | INFO | MockStream | [AMD] Bar - O: 300.82 | H: 301.04 | L: 300.38 | C: 300.59 | Vol: 4077
2025-08-04 14:12:15,608 | INFO | MockStream | [META] Bar - O: 305.13 | H: 306.43 | L: 304.34 | C: 305.65 | Vol: 4188
2025-08-04 14:12:15,609 | INFO | MockStream | [AMZN] Bar - O: 301.3 | H: 301.6 | L: 300.99 | C: 301.29 | Vol: 4589
2025-08-04 14:12:16,125 | INFO | MockStream | [AAPL] Bar - O: 299.7 | H: 300.45 | L: 298.97 | C: 299.72 | Vol: 3742
2025-08-04 14:12:16,126 | INFO | MockStream | [MSFT] Bar - O: 300.91 | H: 301.51 | L: 299.69 | C: 300.29 | Vol: 4290
2025-08-04 14:12:16,127 | INFO | MockStream | [TSLA] Bar - O: 301.74 | H: 302.09 | L: 301.4 | C: 301.75 | Vol: 688
2025-08-04 14:12:16,128 | INFO | MockStream | [AMD] Bar - O: 300.59 | H: 300.6 | L: 300.25 | C: 300.26 | Vol: 1603
2025-08-04 14:12:16,129 | INFO | MockStream | [META] Bar - O: 305.65 | H: 306.55 | L: 305.39 | C: 306.28 | Vol: 756
2025-08-04 14:12:16,129 | INFO | MockStream | [AMZN] Bar - O: 301.29 | H: 301.6 | L: 300.97 | C: 301.28 | Vol: 4103
2025-08-04 14:12:16,643 | INFO | MockStream | [AAPL] Bar - O: 299.72 | H: 300.0 | L: 299.56 | C: 299.85 | Vol: 3614
2025-08-04 14:12:16,644 | INFO | MockStream | [MSFT] Bar - O: 300.29 | H: 301.01 | L: 299.66 | C: 300.38 | Vol: 2514
2025-08-04 14:12:16,645 | INFO | MockStream | [TSLA] Bar - O: 301.75 | H: 301.96 | L: 301.61 | C: 301.82 | Vol: 1915
2025-08-04 14:12:16,646 | INFO | MockStream | [AMD] Bar - O: 300.26 | H: 301.37 | L: 299.05 | C: 300.16 | Vol: 1880
2025-08-04 14:12:16,647 | INFO | MockStream | [META] Bar - O: 306.28 | H: 307.27 | L: 305.38 | C: 306.37 | Vol: 2530
2025-08-04 14:12:16,648 | INFO | MockStream | [AMZN] Bar - O: 301.28 | H: 302.37 | L: 299.98 | C: 301.07 | Vol: 2076
2025-08-04 14:12:17,161 | INFO | MockStream | [AAPL] Bar - O: 299.85 | H: 300.49 | L: 298.41 | C: 299.05 | Vol: 3492
2025-08-04 14:12:17,163 | INFO | MockStream | [MSFT] Bar - O: 300.38 | H: 300.72 | L: 300.18 | C: 300.52 | Vol: 4995
2025-08-04 14:12:17,164 | INFO | MockStream | [TSLA] Bar - O: 301.82 | H: 302.1 | L: 300.96 | C: 301.24 | Vol: 2753
2025-08-04 14:12:17,165 | INFO | MockStream | [AMD] Bar - O: 300.16 | H: 300.91 | L: 299.57 | C: 300.32 | Vol: 4791
2025-08-04 14:12:17,166 | INFO | MockStream | [META] Bar - O: 306.37 | H: 307.75 | L: 305.81 | C: 307.18 | Vol: 2190
2025-08-04 14:12:17,167 | INFO | MockStream | [AMZN] Bar - O: 301.07 | H: 301.32 | L: 300.86 | C: 301.1 | Vol: 4153
2025-08-04 14:12:17,683 | INFO | MockStream | [AAPL] Bar - O: 299.05 | H: 299.53 | L: 298.51 | C: 299.0 | Vol: 2285
2025-08-04 14:12:17,684 | INFO | MockStream | [MSFT] Bar - O: 300.52 | H: 300.85 | L: 300.14 | C: 300.47 | Vol: 2963
2025-08-04 14:12:17,685 | INFO | MockStream | [TSLA] Bar - O: 301.24 | H: 301.49 | L: 300.57 | C: 300.83 | Vol: 4885
2025-08-04 14:12:17,686 | INFO | MockStream | [AMD] Bar - O: 300.32 | H: 301.43 | L: 299.71 | C: 300.82 | Vol: 2282
2025-08-04 14:12:17,687 | INFO | MockStream | [META] Bar - O: 307.18 | H: 307.47 | L: 307.16 | C: 307.45 | Vol: 1310
2025-08-04 14:12:17,687 | INFO | MockStream | [AMZN] Bar - O: 301.1 | H: 301.74 | L: 300.55 | C: 301.19 | Vol: 1171
2025-08-04 14:12:18,202 | INFO | MockStream | [AAPL] Bar - O: 299.0 | H: 299.61 | L: 298.06 | C: 298.68 | Vol: 1755
2025-08-04 14:12:18,203 | INFO | MockStream | [MSFT] Bar - O: 300.47 | H: 301.02 | L: 300.03 | C: 300.58 | Vol: 2997
2025-08-04 14:12:18,204 | INFO | MockStream | [TSLA] Bar - O: 300.83 | H: 302.04 | L: 299.89 | C: 301.1 | Vol: 3111
2025-08-04 14:12:18,205 | INFO | MockStream | [AMD] Bar - O: 300.82 | H: 301.25 | L: 300.31 | C: 300.74 | Vol: 2415
2025-08-04 14:12:18,206 | INFO | MockStream | [META] Bar - O: 307.45 | H: 308.01 | L: 306.65 | C: 307.21 | Vol: 1238
2025-08-04 14:12:18,207 | INFO | MockStream | [AMZN] Bar - O: 301.19 | H: 302.51 | L: 300.18 | C: 301.5 | Vol: 1688
2025-08-04 14:12:18,720 | INFO | MockStream | [AAPL] Bar - O: 298.68 | H: 299.33 | L: 297.58 | C: 298.23 | Vol: 1446
2025-08-04 14:12:18,722 | INFO | MockStream | [MSFT] Bar - O: 300.58 | H: 300.84 | L: 300.21 | C: 300.48 | Vol: 953
2025-08-04 14:12:18,723 | INFO | MockStream | [TSLA] Bar - O: 301.1 | H: 301.98 | L: 300.06 | C: 300.94 | Vol: 1781
2025-08-04 14:12:18,724 | INFO | MockStream | [AMD] Bar - O: 300.74 | H: 300.9 | L: 300.46 | C: 300.62 | Vol: 705
2025-08-04 14:12:18,724 | INFO | MockStream | [META] Bar - O: 307.21 | H: 308.06 | L: 306.62 | C: 307.46 | Vol: 4673
2025-08-04 14:12:18,725 | INFO | MockStream | [AMZN] Bar - O: 301.5 | H: 302.01 | L: 300.89 | C: 301.41 | Vol: 1634
2025-08-04 14:12:19,242 | INFO | MockStream | [AAPL] Bar - O: 298.23 | H: 298.82 | L: 297.73 | C: 298.32 | Vol: 1453
2025-08-04 14:12:19,243 | INFO | MockStream | [MSFT] Bar - O: 300.48 | H: 301.42 | L: 299.85 | C: 300.79 | Vol: 597
2025-08-04 14:12:19,245 | INFO | MockStream | [TSLA] Bar - O: 300.94 | H: 301.37 | L: 300.73 | C: 301.17 | Vol: 4793
2025-08-04 14:12:19,245 | INFO | MockStream | [AMD] Bar - O: 300.62 | H: 301.09 | L: 300.32 | C: 300.79 | Vol: 3248
2025-08-04 14:12:19,246 | INFO | MockStream | [META] Bar - O: 307.46 | H: 307.83 | L: 306.69 | C: 307.06 | Vol: 761
2025-08-04 14:12:19,247 | INFO | MockStream | [AMZN] Bar - O: 301.41 | H: 301.68 | L: 301.21 | C: 301.48 | Vol: 4166
2025-08-04 14:12:19,764 | INFO | MockStream | [AAPL] Bar - O: 298.32 | H: 298.68 | L: 297.71 | C: 298.06 | Vol: 1441
2025-08-04 14:12:19,765 | INFO | MockStream | [MSFT] Bar - O: 300.79 | H: 301.2 | L: 300.27 | C: 300.67 | Vol: 1351
2025-08-04 14:12:19,767 | INFO | MockStream | [TSLA] Bar - O: 301.17 | H: 301.46 | L: 300.95 | C: 301.24 | Vol: 930
2025-08-04 14:12:19,769 | INFO | MockStream | [AMD] Bar - O: 300.79 | H: 301.02 | L: 300.71 | C: 300.93 | Vol: 2510
2025-08-04 14:12:19,771 | INFO | MockStream | [META] Bar - O: 307.06 | H: 308.01 | L: 306.65 | C: 307.6 | Vol: 3635
2025-08-04 14:12:19,772 | INFO | MockStream | [AMZN] Bar - O: 301.48 | H: 302.88 | L: 300.29 | C: 301.68 | Vol: 2315
2025-08-04 14:12:20,290 | INFO | MockStream | [AAPL] Bar - O: 298.06 | H: 298.88 | L: 297.22 | C: 298.04 | Vol: 3204
2025-08-04 14:12:20,291 | INFO | MockStream | [MSFT] Bar - O: 300.67 | H: 302.02 | L: 300.01 | C: 301.35 | Vol: 995
2025-08-04 14:12:20,292 | INFO | MockStream | [TSLA] Bar - O: 301.24 | H: 302.47 | L: 300.18 | C: 301.41 | Vol: 1010
2025-08-04 14:12:20,293 | INFO | MockStream | [AMD] Bar - O: 300.93 | H: 301.48 | L: 300.39 | C: 300.94 | Vol: 547
2025-08-04 14:12:20,294 | INFO | MockStream | [META] Bar - O: 307.6 | H: 307.86 | L: 307.43 | C: 307.68 | Vol: 4027
2025-08-04 14:12:20,295 | INFO | MockStream | [AMZN] Bar - O: 301.68 | H: 301.89 | L: 301.5 | C: 301.71 | Vol: 4171
2025-08-04 14:12:20,808 | INFO | MockStream | [AAPL] Bar - O: 298.04 | H: 298.64 | L: 297.29 | C: 297.89 | Vol: 3822
2025-08-04 14:12:20,809 | INFO | MockStream | [MSFT] Bar - O: 301.35 | H: 302.15 | L: 300.75 | C: 301.56 | Vol: 1716
2025-08-04 14:12:20,810 | INFO | MockStream | [TSLA] Bar - O: 301.41 | H: 301.9 | L: 300.77 | C: 301.27 | Vol: 588
2025-08-04 14:12:20,811 | INFO | MockStream | [AMD] Bar - O: 300.94 | H: 301.35 | L: 300.36 | C: 300.77 | Vol: 4276
2025-08-04 14:12:20,812 | INFO | MockStream | [META] Bar - O: 307.68 | H: 308.63 | L: 306.22 | C: 307.17 | Vol: 4512
2025-08-04 14:12:20,813 | INFO | MockStream | [AMZN] Bar - O: 301.71 | H: 302.46 | L: 301.24 | C: 301.99 | Vol: 600
2025-08-04 14:12:21,328 | INFO | MockStream | [AAPL] Bar - O: 297.89 | H: 298.86 | L: 296.32 | C: 297.29 | Vol: 4240
2025-08-04 14:12:21,329 | INFO | MockStream | [MSFT] Bar - O: 301.56 | H: 301.91 | L: 301.28 | C: 301.64 | Vol: 4849
2025-08-04 14:12:21,330 | INFO | MockStream | [TSLA] Bar - O: 301.27 | H: 302.02 | L: 300.27 | C: 301.01 | Vol: 1502
2025-08-04 14:12:21,331 | INFO | MockStream | [AMD] Bar - O: 300.77 | H: 301.46 | L: 300.02 | C: 300.7 | Vol: 2389
2025-08-04 14:12:21,332 | INFO | MockStream | [META] Bar - O: 307.17 | H: 308.64 | L: 305.93 | C: 307.4 | Vol: 3119
2025-08-04 14:12:21,333 | INFO | MockStream | [AMZN] Bar - O: 301.99 | H: 302.67 | L: 301.5 | C: 302.19 | Vol: 4515
2025-08-04 14:12:21,846 | INFO | MockStream | [AAPL] Bar - O: 297.29 | H: 297.63 | L: 296.72 | C: 297.06 | Vol: 2017
2025-08-04 14:12:21,847 | INFO | MockStream | [MSFT] Bar - O: 301.64 | H: 303.4 | L: 299.63 | C: 301.39 | Vol: 3741
2025-08-04 14:12:21,849 | INFO | MockStream | [TSLA] Bar - O: 301.01 | H: 301.18 | L: 300.76 | C: 300.93 | Vol: 1884
2025-08-04 14:12:21,850 | INFO | MockStream | [AMD] Bar - O: 300.7 | H: 301.15 | L: 300.14 | C: 300.58 | Vol: 4615
2025-08-04 14:12:21,851 | INFO | MockStream | [META] Bar - O: 307.4 | H: 308.6 | L: 305.94 | C: 307.14 | Vol: 3515
2025-08-04 14:12:21,852 | INFO | MockStream | [AMZN] Bar - O: 302.19 | H: 302.62 | L: 301.84 | C: 302.28 | Vol: 940
2025-08-04 14:12:22,368 | INFO | MockStream | [AAPL] Bar - O: 297.06 | H: 297.58 | L: 296.39 | C: 296.91 | Vol: 1687
2025-08-04 14:12:22,369 | INFO | MockStream | [MSFT] Bar - O: 301.39 | H: 302.73 | L: 300.42 | C: 301.77 | Vol: 2563
2025-08-04 14:12:22,370 | INFO | MockStream | [TSLA] Bar - O: 300.93 | H: 302.12 | L: 299.95 | C: 301.14 | Vol: 941
2025-08-04 14:12:22,371 | INFO | MockStream | [AMD] Bar - O: 300.58 | H: 300.9 | L: 300.34 | C: 300.66 | Vol: 896
2025-08-04 14:12:22,372 | INFO | MockStream | [META] Bar - O: 307.14 | H: 307.69 | L: 306.18 | C: 306.73 | Vol: 542
2025-08-04 14:12:22,373 | INFO | MockStream | [AMZN] Bar - O: 302.28 | H: 302.89 | L: 301.74 | C: 302.35 | Vol: 1713
2025-08-04 14:12:22,892 | INFO | MockStream | [AAPL] Bar - O: 296.91 | H: 297.02 | L: 296.65 | C: 296.77 | Vol: 2673
2025-08-04 14:12:22,893 | INFO | MockStream | [MSFT] Bar - O: 301.77 | H: 302.05 | L: 301.51 | C: 301.8 | Vol: 4800
2025-08-04 14:12:22,894 | INFO | MockStream | [TSLA] Bar - O: 301.14 | H: 302.0 | L: 300.37 | C: 301.22 | Vol: 3502
2025-08-04 14:12:22,895 | INFO | MockStream | [AMD] Bar - O: 300.66 | H: 300.93 | L: 300.31 | C: 300.58 | Vol: 588
2025-08-04 14:12:22,896 | INFO | MockStream | [META] Bar - O: 306.73 | H: 308.12 | L: 305.51 | C: 306.9 | Vol: 3820
2025-08-04 14:12:22,897 | INFO | MockStream | [AMZN] Bar - O: 302.35 | H: 303.93 | L: 301.09 | C: 302.66 | Vol: 3581
2025-08-04 14:12:23,411 | INFO | MockStream | [AAPL] Bar - O: 296.77 | H: 297.83 | L: 296.3 | C: 297.37 | Vol: 3682
2025-08-04 14:12:23,412 | INFO | MockStream | [MSFT] Bar - O: 301.8 | H: 302.87 | L: 300.76 | C: 301.84 | Vol: 2213
2025-08-04 14:12:23,413 | INFO | MockStream | [TSLA] Bar - O: 301.22 | H: 301.31 | L: 301.0 | C: 301.09 | Vol: 3362
2025-08-04 14:12:23,414 | INFO | MockStream | [AMD] Bar - O: 300.58 | H: 300.73 | L: 300.36 | C: 300.51 | Vol: 3555
2025-08-04 14:12:23,415 | INFO | MockStream | [META] Bar - O: 306.9 | H: 307.33 | L: 306.56 | C: 307.0 | Vol: 2240
2025-08-04 14:12:23,416 | INFO | MockStream | [AMZN] Bar - O: 302.66 | H: 304.49 | L: 300.4 | C: 302.22 | Vol: 2128
2025-08-04 14:12:23,928 | INFO | MockStream | [AAPL] Bar - O: 297.37 | H: 298.64 | L: 296.06 | C: 297.33 | Vol: 3866
2025-08-04 14:12:23,929 | INFO | MockStream | [MSFT] Bar - O: 301.84 | H: 302.48 | L: 301.12 | C: 301.77 | Vol: 1247
2025-08-04 14:12:23,929 | INFO | MockStream | [TSLA] Bar - O: 301.09 | H: 302.09 | L: 300.56 | C: 301.55 | Vol: 3747
2025-08-04 14:12:23,930 | INFO | MockStream | [AMD] Bar - O: 300.51 | H: 301.11 | L: 300.14 | C: 300.74 | Vol: 3980
2025-08-04 14:12:23,930 | INFO | MockStream | [META] Bar - O: 307.0 | H: 307.51 | L: 305.82 | C: 306.33 | Vol: 3509
2025-08-04 14:12:23,931 | INFO | MockStream | [AMZN] Bar - O: 302.22 | H: 303.68 | L: 301.35 | C: 302.81 | Vol: 2603
2025-08-04 14:12:24,440 | INFO | MockStream | [AAPL] Bar - O: 297.33 | H: 298.19 | L: 296.71 | C: 297.57 | Vol: 1540
2025-08-04 14:12:24,441 | INFO | MockStream | [MSFT] Bar - O: 301.77 | H: 301.97 | L: 301.76 | C: 301.97 | Vol: 4394
2025-08-04 14:12:24,441 | INFO | MockStream | [TSLA] Bar - O: 301.55 | H: 302.06 | L: 300.71 | C: 301.21 | Vol: 4569
2025-08-04 14:12:24,442 | INFO | MockStream | [AMD] Bar - O: 300.74 | H: 301.21 | L: 300.22 | C: 300.69 | Vol: 2551
2025-08-04 14:12:24,442 | INFO | MockStream | [META] Bar - O: 306.33 | H: 307.31 | L: 305.61 | C: 306.59 | Vol: 622
2025-08-04 14:12:24,443 | INFO | MockStream | [AMZN] Bar - O: 302.81 | H: 303.63 | L: 302.07 | C: 302.9 | Vol: 4266
2025-08-04 14:12:24,949 | INFO | MockStream | [AAPL] Bar - O: 297.57 | H: 297.87 | L: 297.0 | C: 297.3 | Vol: 2545
2025-08-04 14:12:24,950 | INFO | MockStream | [MSFT] Bar - O: 301.97 | H: 303.22 | L: 301.11 | C: 302.36 | Vol: 4262
2025-08-04 14:12:24,951 | INFO | MockStream | [TSLA] Bar - O: 301.21 | H: 301.51 | L: 300.37 | C: 300.67 | Vol: 4101
2025-08-04 14:12:24,952 | INFO | MockStream | [AMD] Bar - O: 300.69 | H: 301.56 | L: 300.01 | C: 300.88 | Vol: 1880
2025-08-04 14:12:24,954 | INFO | MockStream | [META] Bar - O: 306.59 | H: 307.42 | L: 306.35 | C: 307.17 | Vol: 4017
2025-08-04 14:12:24,955 | INFO | MockStream | [AMZN] Bar - O: 302.9 | H: 303.5 | L: 301.86 | C: 302.46 | Vol: 1477
2025-08-04 14:12:25,468 | INFO | MockStream | [AAPL] Bar - O: 297.3 | H: 297.65 | L: 297.22 | C: 297.57 | Vol: 3929
2025-08-04 14:12:25,469 | INFO | MockStream | [MSFT] Bar - O: 302.36 | H: 302.88 | L: 301.68 | C: 302.19 | Vol: 3191
2025-08-04 14:12:25,471 | INFO | MockStream | [TSLA] Bar - O: 300.67 | H: 301.81 | L: 299.93 | C: 301.07 | Vol: 3567
2025-08-04 14:12:25,474 | INFO | MockStream | [AMD] Bar - O: 300.88 | H: 300.99 | L: 300.72 | C: 300.83 | Vol: 4213
2025-08-04 14:12:25,475 | INFO | MockStream | [META] Bar - O: 307.17 | H: 307.96 | L: 306.63 | C: 307.42 | Vol: 2085
2025-08-04 14:12:25,476 | INFO | MockStream | [AMZN] Bar - O: 302.46 | H: 302.75 | L: 301.75 | C: 302.04 | Vol: 2620
2025-08-04 14:12:25,992 | INFO | MockStream | [AAPL] Bar - O: 297.57 | H: 298.28 | L: 296.9 | C: 297.6 | Vol: 3492
2025-08-04 14:12:25,993 | INFO | MockStream | [MSFT] Bar - O: 302.19 | H: 302.29 | L: 302.18 | C: 302.27 | Vol: 3200
2025-08-04 14:12:25,994 | INFO | MockStream | [TSLA] Bar - O: 301.07 | H: 301.59 | L: 300.84 | C: 301.36 | Vol: 822
2025-08-04 14:12:25,995 | INFO | MockStream | [AMD] Bar - O: 300.83 | H: 301.8 | L: 300.13 | C: 301.1 | Vol: 1722
2025-08-04 14:12:25,996 | INFO | MockStream | [META] Bar - O: 307.42 | H: 308.24 | L: 306.52 | C: 307.34 | Vol: 849
2025-08-04 14:12:25,996 | INFO | MockStream | [AMZN] Bar - O: 302.04 | H: 302.7 | L: 301.23 | C: 301.89 | Vol: 2356
2025-08-04 14:12:26,509 | INFO | MockStream | [AAPL] Bar - O: 297.6 | H: 298.33 | L: 296.98 | C: 297.7 | Vol: 1225
2025-08-04 14:12:26,510 | INFO | MockStream | [MSFT] Bar - O: 302.27 | H: 302.95 | L: 302.09 | C: 302.78 | Vol: 3655
2025-08-04 14:12:26,511 | INFO | MockStream | [TSLA] Bar - O: 301.36 | H: 302.8 | L: 300.78 | C: 302.22 | Vol: 2242
2025-08-04 14:12:26,513 | INFO | MockStream | [AMD] Bar - O: 301.1 | H: 301.18 | L: 300.92 | C: 300.99 | Vol: 2715
2025-08-04 14:12:26,514 | INFO | MockStream | [META] Bar - O: 307.34 | H: 307.68 | L: 306.68 | C: 307.02 | Vol: 2938
2025-08-04 14:12:26,515 | INFO | MockStream | [AMZN] Bar - O: 301.89 | H: 302.74 | L: 301.43 | C: 302.28 | Vol: 3880
2025-08-04 14:12:27,031 | INFO | MockStream | [AAPL] Bar - O: 297.7 | H: 297.99 | L: 297.66 | C: 297.95 | Vol: 1142
2025-08-04 14:12:27,032 | INFO | MockStream | [MSFT] Bar - O: 302.78 | H: 303.98 | L: 301.32 | C: 302.52 | Vol: 2822
2025-08-04 14:12:27,033 | INFO | MockStream | [TSLA] Bar - O: 302.22 | H: 302.77 | L: 301.6 | C: 302.15 | Vol: 1690
2025-08-04 14:12:27,034 | INFO | MockStream | [AMD] Bar - O: 300.99 | H: 301.59 | L: 300.24 | C: 300.83 | Vol: 4289
2025-08-04 14:12:27,035 | INFO | MockStream | [META] Bar - O: 307.02 | H: 308.27 | L: 306.05 | C: 307.31 | Vol: 2948
2025-08-04 14:12:27,036 | INFO | MockStream | [AMZN] Bar - O: 302.28 | H: 302.5 | L: 302.12 | C: 302.34 | Vol: 877
2025-08-04 14:12:27,556 | INFO | MockStream | [AAPL] Bar - O: 297.95 | H: 298.37 | L: 297.69 | C: 298.11 | Vol: 4086
2025-08-04 14:12:27,557 | INFO | MockStream | [MSFT] Bar - O: 302.52 | H: 302.74 | L: 301.92 | C: 302.15 | Vol: 3869
2025-08-04 14:12:27,561 | INFO | MockStream | [TSLA] Bar - O: 302.15 | H: 302.79 | L: 301.43 | C: 302.06 | Vol: 1360
2025-08-04 14:12:27,563 | INFO | MockStream | [AMD] Bar - O: 300.83 | H: 301.84 | L: 299.63 | C: 300.64 | Vol: 574
2025-08-04 14:12:27,565 | INFO | MockStream | [META] Bar - O: 307.31 | H: 307.72 | L: 307.09 | C: 307.5 | Vol: 2317
2025-08-04 14:12:27,573 | INFO | MockStream | [AMZN] Bar - O: 302.34 | H: 303.02 | L: 301.39 | C: 302.07 | Vol: 3193
2025-08-04 14:12:28,098 | INFO | MockStream | [AAPL] Bar - O: 298.11 | H: 298.25 | L: 297.8 | C: 297.94 | Vol: 3422
2025-08-04 14:12:28,100 | INFO | MockStream | [MSFT] Bar - O: 302.15 | H: 302.49 | L: 301.03 | C: 301.37 | Vol: 3270
2025-08-04 14:12:28,102 | INFO | MockStream | [TSLA] Bar - O: 302.06 | H: 302.23 | L: 301.22 | C: 301.39 | Vol: 2516
2025-08-04 14:12:28,103 | INFO | MockStream | [AMD] Bar - O: 300.64 | H: 300.91 | L: 300.58 | C: 300.85 | Vol: 4834
2025-08-04 14:12:28,104 | INFO | MockStream | [META] Bar - O: 307.5 | H: 308.57 | L: 307.33 | C: 308.39 | Vol: 2867
2025-08-04 14:12:28,105 | INFO | MockStream | [AMZN] Bar - O: 302.07 | H: 302.56 | L: 302.0 | C: 302.49 | Vol: 4485
2025-08-04 14:12:28,624 | INFO | MockStream | [AAPL] Bar - O: 297.94 | H: 298.12 | L: 297.55 | C: 297.73 | Vol: 1508
2025-08-04 14:12:28,626 | INFO | MockStream | [MSFT] Bar - O: 301.37 | H: 301.91 | L: 300.55 | C: 301.08 | Vol: 4975
2025-08-04 14:12:28,627 | INFO | MockStream | [TSLA] Bar - O: 301.39 | H: 302.14 | L: 300.2 | C: 300.95 | Vol: 1015
2025-08-04 14:12:28,628 | INFO | MockStream | [AMD] Bar - O: 300.85 | H: 301.52 | L: 300.53 | C: 301.21 | Vol: 4743
2025-08-04 14:12:28,629 | INFO | MockStream | [META] Bar - O: 308.39 | H: 309.08 | L: 307.45 | C: 308.13 | Vol: 4645
2025-08-04 14:12:28,629 | INFO | MockStream | [AMZN] Bar - O: 302.49 | H: 302.84 | L: 301.66 | C: 302.01 | Vol: 1020
2025-08-04 14:12:29,146 | INFO | MockStream | [AAPL] Bar - O: 297.73 | H: 297.84 | L: 297.63 | C: 297.74 | Vol: 816
2025-08-04 14:12:29,146 | INFO | MockStream | [MSFT] Bar - O: 301.08 | H: 301.84 | L: 300.12 | C: 300.88 | Vol: 3663
2025-08-04 14:12:29,147 | INFO | MockStream | [TSLA] Bar - O: 300.95 | H: 301.68 | L: 300.14 | C: 300.87 | Vol: 4484
2025-08-04 14:12:29,147 | INFO | MockStream | [AMD] Bar - O: 301.21 | H: 302.16 | L: 300.48 | C: 301.43 | Vol: 3817
2025-08-04 14:12:29,147 | INFO | MockStream | [META] Bar - O: 308.13 | H: 308.26 | L: 308.08 | C: 308.22 | Vol: 884
2025-08-04 14:12:29,148 | INFO | MockStream | [AMZN] Bar - O: 302.01 | H: 302.33 | L: 301.96 | C: 302.28 | Vol: 3317
2025-08-04 14:12:29,654 | INFO | MockStream | [AAPL] Bar - O: 297.74 | H: 298.9 | L: 297.38 | C: 298.54 | Vol: 1169
2025-08-04 14:12:29,655 | INFO | MockStream | [MSFT] Bar - O: 300.88 | H: 301.29 | L: 300.73 | C: 301.14 | Vol: 1305
2025-08-04 14:12:29,655 | INFO | MockStream | [TSLA] Bar - O: 300.87 | H: 302.14 | L: 299.54 | C: 300.81 | Vol: 1701
2025-08-04 14:12:29,656 | INFO | MockStream | [AMD] Bar - O: 301.43 | H: 302.99 | L: 300.05 | C: 301.6 | Vol: 3144
2025-08-04 14:12:29,657 | INFO | MockStream | [META] Bar - O: 308.22 | H: 309.27 | L: 307.2 | C: 308.26 | Vol: 4552
2025-08-04 14:12:29,658 | INFO | MockStream | [AMZN] Bar - O: 302.28 | H: 303.24 | L: 301.49 | C: 302.45 | Vol: 2532
2025-08-04 14:12:30,172 | INFO | MockStream | [AAPL] Bar - O: 298.54 | H: 298.76 | L: 298.14 | C: 298.36 | Vol: 4948
2025-08-04 14:12:30,173 | INFO | MockStream | [MSFT] Bar - O: 301.14 | H: 301.28 | L: 300.9 | C: 301.04 | Vol: 2826
2025-08-04 14:12:30,174 | INFO | MockStream | [TSLA] Bar - O: 300.81 | H: 301.19 | L: 300.02 | C: 300.4 | Vol: 3373
2025-08-04 14:12:30,175 | INFO | MockStream | [AMD] Bar - O: 301.6 | H: 302.29 | L: 300.78 | C: 301.47 | Vol: 3274
2025-08-04 14:12:30,176 | INFO | MockStream | [META] Bar - O: 308.26 | H: 308.74 | L: 307.95 | C: 308.43 | Vol: 2212
2025-08-04 14:12:30,177 | INFO | MockStream | [AMZN] Bar - O: 302.45 | H: 302.81 | L: 301.98 | C: 302.33 | Vol: 4852
2025-08-04 14:12:30,693 | INFO | MockStream | [AAPL] Bar - O: 298.36 | H: 299.51 | L: 296.85 | C: 298.0 | Vol: 965
2025-08-04 14:12:30,693 | INFO | MockStream | [MSFT] Bar - O: 301.04 | H: 301.62 | L: 300.51 | C: 301.1 | Vol: 1759
2025-08-04 14:12:30,694 | INFO | MockStream | [TSLA] Bar - O: 300.4 | H: 301.1 | L: 299.87 | C: 300.58 | Vol: 4563
2025-08-04 14:12:30,694 | INFO | MockStream | [AMD] Bar - O: 301.47 | H: 301.62 | L: 300.93 | C: 301.08 | Vol: 3888
2025-08-04 14:12:30,694 | INFO | MockStream | [META] Bar - O: 308.43 | H: 308.55 | L: 308.41 | C: 308.53 | Vol: 3909
2025-08-04 14:12:30,694 | INFO | MockStream | [AMZN] Bar - O: 302.33 | H: 302.42 | L: 301.46 | C: 301.54 | Vol: 3035
2025-08-04 14:12:31,198 | INFO | MockStream | [AAPL] Bar - O: 298.0 | H: 298.77 | L: 297.11 | C: 297.88 | Vol: 2170
2025-08-04 14:12:31,199 | INFO | MockStream | [MSFT] Bar - O: 301.1 | H: 301.45 | L: 300.64 | C: 300.99 | Vol: 2143
2025-08-04 14:12:31,200 | INFO | MockStream | [TSLA] Bar - O: 300.58 | H: 300.81 | L: 300.51 | C: 300.75 | Vol: 4418
2025-08-04 14:12:31,201 | INFO | MockStream | [AMD] Bar - O: 301.08 | H: 301.94 | L: 300.32 | C: 301.18 | Vol: 4343
2025-08-04 14:12:31,202 | INFO | MockStream | [META] Bar - O: 308.53 | H: 308.67 | L: 307.78 | C: 307.92 | Vol: 3509
2025-08-04 14:12:31,203 | INFO | MockStream | [AMZN] Bar - O: 301.54 | H: 301.64 | L: 301.45 | C: 301.55 | Vol: 2816
