2025-08-11 19:24:12 - StrategyRouter - DEBUG - Logger initialized.
2025-08-11 19:24:12 - StrategyRouter - DEBUG - Log file: logs/strategy_router.log
2025-08-11 19:24:12 - StrategyRouter - DEBUG - Logger name: StrategyRouter
2025-08-11 19:24:12 - StrategyRouter - INFO - Loaded strategies: ['adx', 'adx_strategy', 'adxstrategy', 'bollinger', 'bollinger_strategy', 'bollingerstrategy', 'breakout', 'breakout_strategy', 'breakoutstrategy', 'combined', 'combined_strategy', 'combinedstrategy', 'default', 'donchian', 'donchian_strategy', 'donchianstrategy', 'ema', 'ema_strategy', 'emastrategy', 'ichimoku', 'ichimoku_strategy', 'ichimokustrategy', 'logistic_regression', 'logistic_regression_strategy', 'logisticregressionstrategy', 'macd', 'macd_strategy', 'macdstrategy', 'mean_reversion', 'mean_reversion_strategy', 'meanreversionstrategy', 'momentum', 'momentum_strategy', 'momentumstrategy', 'psar', 'psar_strategy', 'psarstrategy', 'rsi', 'rsi_strategy', 'rsistrategy', 'sma', 'sma_strategy', 'smastrategy', 'stochastic', 'stochastic_strategy', 'stochasticstrategy', 'vwap', 'vwap_strategy', 'vwapstrategy']
2025-08-11 19:24:12 - StrategyRouter - INFO - [AAPL][normal] Initialized strategy 'MomentumStrategy' with params: {'lookback': 20}
2025-08-11 19:24:12 - StrategyRouter - INFO - [MSFT][normal] Initialized strategy 'MomentumStrategy' with params: {}
2025-08-11 19:24:15 - StrategyRouter - WARNING - [AAPL][low_volatility] Ignoring unknown strategy params for MomentumStrategy: ['fast', 'slow']
2025-08-11 19:24:15 - StrategyRouter - INFO - [AAPL][low_volatility] Initialized strategy 'MomentumStrategy' with params: {}
2025-08-11 19:24:15 - StrategyRouter - INFO - [MSFT][high_volatility] Initialized strategy 'MomentumStrategy' with params: {}
2025-08-11 19:24:15 - StrategyRouter - INFO - [MSFT][low_volatility] Initialized strategy 'MomentumStrategy' with params: {}
2025-08-11 19:24:15 - StrategyRouter - WARNING - [AAPL][high_volatility] Ignoring unknown strategy params for MomentumStrategy: ['window']
2025-08-11 19:24:15 - StrategyRouter - INFO - [AAPL][high_volatility] Initialized strategy 'MomentumStrategy' with params: {}
2025-08-20 11:03:06 - StrategyRouter - DEBUG - Logger initialized.
2025-08-20 11:03:06 - StrategyRouter - DEBUG - Log file: logs/strategy_router.log
2025-08-20 11:03:06 - StrategyRouter - DEBUG - Logger name: StrategyRouter
2025-08-20 11:03:06 - StrategyRouter - INFO - Loaded strategies: ['adx', 'adx_strategy', 'adxstrategy', 'bollinger', 'bollinger_strategy', 'bollingerstrategy', 'breakout', 'breakout_strategy', 'breakoutstrategy', 'combined', 'combined_strategy', 'combinedstrategy', 'default', 'donchian', 'donchian_strategy', 'donchianstrategy', 'ema', 'ema_strategy', 'emastrategy', 'ichimoku', 'ichimoku_strategy', 'ichimokustrategy', 'logistic_regression', 'logistic_regression_strategy', 'logisticregressionstrategy', 'macd', 'macd_strategy', 'macdstrategy', 'mean_reversion', 'mean_reversion_strategy', 'meanreversionstrategy', 'momentum', 'momentum_strategy', 'momentumstrategy', 'psar', 'psar_strategy', 'psarstrategy', 'rsi', 'rsi_strategy', 'rsistrategy', 'sma', 'sma_strategy', 'smastrategy', 'stochastic', 'stochastic_strategy', 'stochasticstrategy', 'vwap', 'vwap_strategy', 'vwapstrategy']
2025-08-20 11:03:06 - StrategyRouter - INFO - [AAPL][normal] Initialized strategy 'MomentumStrategy' with params: {'lookback': 20}
2025-08-20 11:03:06 - StrategyRouter - INFO - [MSFT][normal] Initialized strategy 'MomentumStrategy' with params: {}
2025-08-20 11:03:09 - StrategyRouter - WARNING - [AAPL][high_volatility] Ignoring unknown strategy params for MomentumStrategy: ['window']
2025-08-20 11:03:09 - StrategyRouter - INFO - [AAPL][high_volatility] Initialized strategy 'MomentumStrategy' with params: {}
2025-08-20 11:03:09 - StrategyRouter - INFO - [MSFT][high_volatility] Initialized strategy 'MomentumStrategy' with params: {}
2025-08-20 11:03:09 - StrategyRouter - WARNING - [AAPL][low_volatility] Ignoring unknown strategy params for MomentumStrategy: ['fast', 'slow']
2025-08-20 11:03:09 - StrategyRouter - INFO - [AAPL][low_volatility] Initialized strategy 'MomentumStrategy' with params: {}
2025-08-20 11:03:11 - StrategyRouter - INFO - [MSFT][low_volatility] Initialized strategy 'MomentumStrategy' with params: {}
